# JRE version: Java(TM) SE Runtime Environment (8.0_60-b27) (build 1.8.0_60-b27)
# Java VM: Java HotSpot(TM) 64-Bit Server VM (25.60-b23 mixed mode bsd-amd64 compressed oops)
Heap:
 PSYoungGen      total 225280K, used 97920K [0x0000000795580000, 0x00000007a6f80000, 0x00000007c0000000)
  eden space 206848K, 41% used [0x0000000795580000,0x000000079a954d98,0x00000007a1f80000)
  from space 18432K, 65% used [0x00000007a1f80000,0x00000007a2b4b3b0,0x00000007a3180000)
  to   space 18432K, 0% used [0x00000007a5d80000,0x00000007a5d80000,0x00000007a6f80000)
 ParOldGen       total 99840K, used 23631K [0x0000000740000000, 0x0000000746180000, 0x0000000795580000)
  object space 99840K, 23% used [0x0000000740000000,0x0000000741713da0,0x0000000746180000)
 Metaspace       used 55134K, capacity 58208K, committed 58368K, reserved 1099776K
  class space    used 7533K, capacity 8092K, committed 8192K, reserved 1048576K
GC Heap History (10 events):
Event: 5.988 GC heap before
{Heap before GC invocations=9 (full 1):
 PSYoungGen      total 139776K, used 139762K [0x0000000795580000, 0x00000007a0d80000, 0x00000007c0000000)
  eden space 130048K, 100% used [0x0000000795580000,0x000000079d480000,0x000000079d480000)
  from space 9728K, 99% used [0x000000079d480000,0x000000079ddfcb88,0x000000079de00000)
  to   space 12800K, 0% used [0x00000007a0100000,0x00000007a0100000,0x00000007a0d80000)
 ParOldGen       total 55296K, used 10207K [0x0000000740000000, 0x0000000743600000, 0x0000000795580000)
  object space 55296K, 18% used [0x0000000740000000,0x00000007409f7d88,0x0000000743600000)
 Metaspace       used 30901K, capacity 32400K, committed 32768K, reserved 1077248K
  class space    used 4189K, capacity 4489K, committed 4608K, reserved 1048576K
Event: 6.008 GC heap after
Heap after GC invocations=9 (full 1):
 PSYoungGen      total 173056K, used 12792K [0x0000000795580000, 0x00000007a3800000, 0x00000007c0000000)
  eden space 160256K, 0% used [0x0000000795580000,0x0000000795580000,0x000000079f200000)
  from space 12800K, 99% used [0x00000007a0100000,0x00000007a0d7e0d0,0x00000007a0d80000)
  to   space 15360K, 0% used [0x000000079f200000,0x000000079f200000,0x00000007a0100000)
 ParOldGen       total 55296K, used 12717K [0x0000000740000000, 0x0000000743600000, 0x0000000795580000)
  object space 55296K, 22% used [0x0000000740000000,0x0000000740c6b778,0x0000000743600000)
 Metaspace       used 30901K, capacity 32400K, committed 32768K, reserved 1077248K
  class space    used 4189K, capacity 4489K, committed 4608K, reserved 1048576K
}
Event: 7.246 GC heap before
{Heap before GC invocations=10 (full 1):
 PSYoungGen      total 173056K, used 145830K [0x0000000795580000, 0x00000007a3800000, 0x00000007c0000000)
  eden space 160256K, 83% used [0x0000000795580000,0x000000079d76b7f0,0x000000079f200000)
  from space 12800K, 99% used [0x00000007a0100000,0x00000007a0d7e0d0,0x00000007a0d80000)
  to   space 15360K, 0% used [0x000000079f200000,0x000000079f200000,0x00000007a0100000)
 ParOldGen       total 55296K, used 12717K [0x0000000740000000, 0x0000000743600000, 0x0000000795580000)
  object space 55296K, 22% used [0x0000000740000000,0x0000000740c6b778,0x0000000743600000)
 Metaspace       used 33608K, capacity 35370K, committed 35456K, reserved 1079296K
  class space    used 4602K, capacity 4942K, committed 4992K, reserved 1048576K
Event: 7.266 GC heap after
Heap after GC invocations=10 (full 1):
 PSYoungGen      total 175616K, used 13108K [0x0000000795580000, 0x00000007a4480000, 0x00000007c0000000)
  eden space 160256K, 0% used [0x0000000795580000,0x0000000795580000,0x000000079f200000)
  from space 15360K, 85% used [0x000000079f200000,0x000000079fecd1b0,0x00000007a0100000)
  to   space 16896K, 0% used [0x00000007a3400000,0x00000007a3400000,0x00000007a4480000)
 ParOldGen       total 55296K, used 18682K [0x0000000740000000, 0x0000000743600000, 0x0000000795580000)
  object space 55296K, 33% used [0x0000000740000000,0x000000074123ea70,0x0000000743600000)
 Metaspace       used 33608K, capacity 35370K, committed 35456K, reserved 1079296K
  class space    used 4602K, capacity 4942K, committed 4992K, reserved 1048576K
}
Event: 7.266 GC heap before
{Heap before GC invocations=11 (full 2):
 PSYoungGen      total 175616K, used 13108K [0x0000000795580000, 0x00000007a4480000, 0x00000007c0000000)
  eden space 160256K, 0% used [0x0000000795580000,0x0000000795580000,0x000000079f200000)
  from space 15360K, 85% used [0x000000079f200000,0x000000079fecd1b0,0x00000007a0100000)
  to   space 16896K, 0% used [0x00000007a3400000,0x00000007a3400000,0x00000007a4480000)
 ParOldGen       total 55296K, used 18682K [0x0000000740000000, 0x0000000743600000, 0x0000000795580000)
  object space 55296K, 33% used [0x0000000740000000,0x000000074123ea70,0x0000000743600000)
 Metaspace       used 33608K, capacity 35370K, committed 35456K, reserved 1079296K
  class space    used 4602K, capacity 4942K, committed 4992K, reserved 1048576K
Event: 7.384 GC heap after
Heap after GC invocations=11 (full 2):
 PSYoungGen      total 175616K, used 0K [0x0000000795580000, 0x00000007a4480000, 0x00000007c0000000)
  eden space 160256K, 0% used [0x0000000795580000,0x0000000795580000,0x000000079f200000)
  from space 15360K, 0% used [0x000000079f200000,0x000000079f200000,0x00000007a0100000)
  to   space 16896K, 0% used [0x00000007a3400000,0x00000007a3400000,0x00000007a4480000)
 ParOldGen       total 99840K, used 23615K [0x0000000740000000, 0x0000000746180000, 0x0000000795580000)
  object space 99840K, 23% used [0x0000000740000000,0x000000074170fda0,0x0000000746180000)
 Metaspace       used 33608K, capacity 35370K, committed 35456K, reserved 1079296K
  class space    used 4602K, capacity 4942K, committed 4992K, reserved 1048576K
}
Event: 9.162 GC heap before
{Heap before GC invocations=12 (full 2):
 PSYoungGen      total 175616K, used 160256K [0x0000000795580000, 0x00000007a4480000, 0x00000007c0000000)
  eden space 160256K, 100% used [0x0000000795580000,0x000000079f200000,0x000000079f200000)
  from space 15360K, 0% used [0x000000079f200000,0x000000079f200000,0x00000007a0100000)
  to   space 16896K, 0% used [0x00000007a3400000,0x00000007a3400000,0x00000007a4480000)
 ParOldGen       total 99840K, used 23615K [0x0000000740000000, 0x0000000746180000, 0x0000000795580000)
  object space 99840K, 23% used [0x0000000740000000,0x000000074170fda0,0x0000000746180000)
 Metaspace       used 48224K, capacity 50616K, committed 50944K, reserved 1093632K
  class space    used 6622K, capacity 7063K, committed 7168K, reserved 1048576K
Event: 9.180 GC heap after
Heap after GC invocations=12 (full 2):
 PSYoungGen      total 218624K, used 15629K [0x0000000795580000, 0x00000007a4380000, 0x00000007c0000000)
  eden space 202752K, 0% used [0x0000000795580000,0x0000000795580000,0x00000007a1b80000)
  from space 15872K, 98% used [0x00000007a3400000,0x00000007a4343508,0x00000007a4380000)
  to   space 18432K, 0% used [0x00000007a1f80000,0x00000007a1f80000,0x00000007a3180000)
 ParOldGen       total 99840K, used 23623K [0x0000000740000000, 0x0000000746180000, 0x0000000795580000)
  object space 99840K, 23% used [0x0000000740000000,0x0000000741711da0,0x0000000746180000)
 Metaspace       used 48224K, capacity 50616K, committed 50944K, reserved 1093632K
  class space    used 6622K, capacity 7063K, committed 7168K, reserved 1048576K
}
Event: 11.185 GC heap before
{Heap before GC invocations=13 (full 2):
 PSYoungGen      total 218624K, used 218381K [0x0000000795580000, 0x00000007a4380000, 0x00000007c0000000)
  eden space 202752K, 100% used [0x0000000795580000,0x00000007a1b80000,0x00000007a1b80000)
  from space 15872K, 98% used [0x00000007a3400000,0x00000007a4343508,0x00000007a4380000)
  to   space 18432K, 0% used [0x00000007a1f80000,0x00000007a1f80000,0x00000007a3180000)
 ParOldGen       total 99840K, used 23623K [0x0000000740000000, 0x0000000746180000, 0x0000000795580000)
  object space 99840K, 23% used [0x0000000740000000,0x0000000741711da0,0x0000000746180000)
 Metaspace       used 51250K, capacity 54102K, committed 54272K, reserved 1095680K
  class space    used 7072K, capacity 7585K, committed 7680K, reserved 1048576K
Event: 11.203 GC heap after
Heap after GC invocations=13 (full 2):
 PSYoungGen      total 225280K, used 12076K [0x0000000795580000, 0x00000007a6f80000, 0x00000007c0000000)
  eden space 206848K, 0% used [0x0000000795580000,0x0000000795580000,0x00000007a1f80000)
  from space 18432K, 65% used [0x00000007a1f80000,0x00000007a2b4b3b0,0x00000007a3180000)
  to   space 18432K, 0% used [0x00000007a5d80000,0x00000007a5d80000,0x00000007a6f80000)
 ParOldGen       total 99840K, used 23631K [0x0000000740000000, 0x0000000746180000, 0x0000000795580000)
  object space 99840K, 23% used [0x0000000740000000,0x0000000741713da0,0x0000000746180000)
 Metaspace       used 51250K, capacity 54102K, committed 54272K, reserved 1095680K
  class space    used 7072K, capacity 7585K, committed 7680K, reserved 1048576K
}

